  HullMath.cpp
C:\Users\adith\Documents\GitHub\Algorithms-For-Games\cpp\HullMath.cpp(6,15): error C2143: syntax error: missing ';' before '<'
C:\Users\adith\Documents\GitHub\Algorithms-For-Games\cpp\HullMath.cpp(6,15): error C4430: missing type specifier - int assumed. Note: C++ does not support default-int
C:\Users\adith\Documents\GitHub\Algorithms-For-Games\cpp\HullMath.cpp(7,1): error C2143: syntax error: missing ';' before '}'
C:\Users\adith\Documents\GitHub\Algorithms-For-Games\cpp\HullMath.cpp(7,1): error C2238: unexpected token(s) preceding ';'
  main.cpp
C:\Users\adith\Documents\GitHub\Algorithms-For-Games\cpp\QuickHull.cpp(60,27): warning C4018: '>': signed/unsigned mismatch
C:\Users\adith\Documents\GitHub\Algorithms-For-Games\cpp\QuickHull.cpp(78,13): warning C4244: 'initializing': conversion from 'FLOAT' to 'int', possible loss of data
C:\Users\adith\Documents\GitHub\Algorithms-For-Games\cpp\QuickHull.cpp(92,13): warning C4244: 'return': conversion from 'float' to 'int', possible loss of data
C:\Users\adith\Documents\GitHub\Algorithms-For-Games\cpp\QuickHull.cpp(99,21): warning C4018: '<': signed/unsigned mismatch
C:\Users\adith\Documents\GitHub\Algorithms-For-Games\cpp\QuickHull.cpp(123,21): warning C4018: '<': signed/unsigned mismatch
C:\Users\adith\Documents\GitHub\Algorithms-For-Games\cpp\main.cpp(34,17): warning C4996: 'ID2D1Factory::GetDesktopDpi': Deprecated. Use DisplayInformation::LogicalDpi for Windows Store Apps or GetDpiForWindow for desktop apps.
C:\Users\adith\Documents\GitHub\Algorithms-For-Games\cpp\main.cpp(485,63): warning C4244: 'argument': conversion from 'int' to 'float', possible loss of data
C:\Users\adith\Documents\GitHub\Algorithms-For-Games\cpp\main.cpp(485,44): warning C4244: 'argument': conversion from 'int' to 'float', possible loss of data
C:\Users\adith\Documents\GitHub\Algorithms-For-Games\cpp\main.cpp(500,15): warning C4244: 'initializing': conversion from 'FLOAT' to 'int', possible loss of data
C:\Users\adith\Documents\GitHub\Algorithms-For-Games\cpp\main.cpp(509,66): warning C4244: 'return': conversion from 'FLOAT' to 'int', possible loss of data
C:\Users\adith\Documents\GitHub\Algorithms-For-Games\cpp\main.cpp(525,15): warning C4244: 'initializing': conversion from 'FLOAT' to 'int', possible loss of data
C:\Users\adith\Documents\GitHub\Algorithms-For-Games\cpp\main.cpp(528,23): warning C4018: '<': signed/unsigned mismatch
C:\Users\adith\Documents\GitHub\Algorithms-For-Games\cpp\main.cpp(529,15): warning C4244: 'initializing': conversion from 'FLOAT' to 'int', possible loss of data
C:\Users\adith\Documents\GitHub\Algorithms-For-Games\cpp\main.cpp(532,36): warning C4244: '=': conversion from 'FLOAT' to 'int', possible loss of data
  QuickHull.cpp
C:\Users\adith\Documents\GitHub\Algorithms-For-Games\cpp\QuickHull.cpp(60,27): warning C4018: '>': signed/unsigned mismatch
C:\Users\adith\Documents\GitHub\Algorithms-For-Games\cpp\QuickHull.cpp(78,13): warning C4244: 'initializing': conversion from 'FLOAT' to 'int', possible loss of data
C:\Users\adith\Documents\GitHub\Algorithms-For-Games\cpp\QuickHull.cpp(92,13): warning C4244: 'return': conversion from 'float' to 'int', possible loss of data
C:\Users\adith\Documents\GitHub\Algorithms-For-Games\cpp\QuickHull.cpp(99,21): warning C4018: '<': signed/unsigned mismatch
C:\Users\adith\Documents\GitHub\Algorithms-For-Games\cpp\QuickHull.cpp(123,21): warning C4018: '<': signed/unsigned mismatch
  Vector2D.cpp
C:\Users\adith\Documents\GitHub\Algorithms-For-Games\cpp\Vector2D.cpp(32,17): warning C4244: 'initializing': conversion from 'double' to 'float', possible loss of data
C:\Users\adith\Documents\GitHub\Algorithms-For-Games\cpp\Vector2D.cpp(33,17): warning C4244: 'initializing': conversion from 'double' to 'float', possible loss of data
C:\Users\adith\Documents\GitHub\Algorithms-For-Games\cpp\Vector2D.cpp(34,17): warning C4244: 'initializing': conversion from 'double' to 'float', possible loss of data
C:\Users\adith\Documents\GitHub\Algorithms-For-Games\cpp\Vector2D.cpp(93,40): warning C4244: 'argument': conversion from 'double' to 'float', possible loss of data
  Generating Code...
