c:\users\adithya\documents\github\algorithms-for-games\cpp\debug\vc142.pdb
c:\users\adithya\documents\github\algorithms-for-games\cpp\debug\vector2d.obj
c:\users\adithya\documents\github\algorithms-for-games\cpp\debug\quickhull.obj
c:\users\adithya\documents\github\algorithms-for-games\cpp\debug\main.obj
c:\users\adithya\documents\github\algorithms-for-games\cpp\debug\simpledrawing.exe
c:\users\adithya\documents\github\algorithms-for-games\cpp\debug\simpledrawing.ilk
c:\users\adithya\documents\github\algorithms-for-games\cpp\debug\simpledrawing.pdb
c:\users\adithya\documents\github\algorithms-for-games\cpp\debug\input.res
c:\users\adithya\documents\github\algorithms-for-games\cpp\debug\simpledrawing.exe.embed.manifest.res
c:\users\adithya\documents\github\algorithms-for-games\cpp\debug\simpledrawing.exe.embed.manifest
c:\users\adithya\documents\github\algorithms-for-games\cpp\debug\simpledrawing_manifest.rc
c:\users\adithya\documents\github\algorithms-for-games\cpp\debug\simpledrawing.tlog\cl.command.1.tlog
c:\users\adithya\documents\github\algorithms-for-games\cpp\debug\simpledrawing.tlog\cl.read.1.tlog
c:\users\adithya\documents\github\algorithms-for-games\cpp\debug\simpledrawing.tlog\cl.write.1.tlog
c:\users\adithya\documents\github\algorithms-for-games\cpp\debug\simpledrawing.tlog\link.command.1.tlog
c:\users\adithya\documents\github\algorithms-for-games\cpp\debug\simpledrawing.tlog\link.read.1.tlog
c:\users\adithya\documents\github\algorithms-for-games\cpp\debug\simpledrawing.tlog\link.write.1.tlog
c:\users\adithya\documents\github\algorithms-for-games\cpp\debug\simpledrawing.tlog\rc.command.1.tlog
c:\users\adithya\documents\github\algorithms-for-games\cpp\debug\simpledrawing.tlog\rc.read.1.tlog
c:\users\adithya\documents\github\algorithms-for-games\cpp\debug\simpledrawing.tlog\rc.write.1.tlog
